2023-04-27 16:25:43.974 +0900	START		Running Android_Function_Test.script
2023-04-27 16:26:03.268 +0900	Connect		Mobile Device:(null)	2	on_connect_sut	connect_hdl.script
2023-04-27 16:26:08.417 +0900	presshomebutton			5	on_android_function_test	Android_Function_Test.script
2023-04-27 16:26:13.612 +0900	waitfor	Chrome	found at (541, 1850)	2	on_waitfor_image	wait_hdl.script
2023-04-27 16:26:16.135 +0900	swipeleft		Swiped left from (972, 1080) to (108, 1080)	2	on_swipe_left	swipe_hdl.script
2023-04-27 16:26:26.337 +0900	Exception	swipeleft_confirm	Unable To Find Any Image On Screen "swipeleft_confirm" within 10.00 seconds	2	on_waitfor_image	wait_hdl.script
2023-04-27 16:26:28.798 +0900	swiperight		Swiped right from (108, 1080) to (972, 1080)	2	on_swipe_right	swipe_hdl.script
2023-04-27 16:26:39.132 +0900	Exception	homepage_confirm	Unable To Find Any Image On Screen "homepage_confirm" within 10.00 seconds	2	on_waitfor_image	wait_hdl.script
2023-04-27 16:26:41.214 +0900	imagefound	Chrome	found at (541, 1850)	2	on_imagefound_image	imagefound_hdl.script
2023-04-27 16:26:41.214 +0900	Log		True	2	on_imagefound_image	imagefound_hdl.script
2023-04-27 16:26:41.410 +0900	waitfor	Chrome	found at (541, 1850)	2	on_waitfor_image	wait_hdl.script
2023-04-27 16:26:44.799 +0900	click	Chrome	at (541, 1850)	2	on_click_image	click_hdl.script
2023-04-27 16:26:49.934 +0900	Exception	url_inputbox	Unable To Find Any Image On Screen "url_inputbox" within 5.00 seconds	2	on_waitfor_image	wait_hdl.script
2023-04-27 16:26:54.530 +0900	Exception	url_inputbox	No Image Found On Screen: "url_inputbox"	2	on_click_image	click_hdl.script
2023-04-27 16:26:54.585 +0900	EndTestCase		(Duration:"70.608", Errors:"1", Exceptions:"4", StartTime:"2023-04-27 16:25:43 +0900", Successes:"0", TestCase:"Android_Function_Test.script", Warnings:"0")
2023-04-27 16:26:54.744 +0900	Error Screen	C:/Suite/Android_EPF_test.suite/Results/Android_Function_Test/20230427_162543.966/Screen_Error.png	CapturedErrorScreenshot	634D431D-842A-E707-7B42-1594CDD624A5
2023-04-27 16:26:54.748 +0900	FAILURE	Screen_Error.png	Image Not Found: click Error - No Image Found On Screen: "url_inputbox" -- Execution Time 0:01:10 Android_Function_Test.script
2023-04-27 16:26:56.082 +0900	Error Screen	C:/Suite/Android_EPF_test.suite/Results/Android_Function_Test/20230427_162543.966/Screen_Error_Web.png	CapturedWebErrorScreenshot	10E82D6A-FA3C-9F0F-5931-6EDD6DE2A293
2023-04-27 16:26:56.089 +0900	FAILURE	Screen_Error_Web.png	Image Not Found: click Error - No Image Found On Screen: "url_inputbox" -- Execution Time 0:01:10 Android_Function_Test.script
