<?xml version="1.0" encoding="UTF-8" ?>
<testsuites>
 <testsuite name="RunWithNewResults_script" package="New_Ver_EPF_Android_MobileDevice.suite" timestamp="2023-07-27 18:57:06.631 +0900"
 tests="1"  failures="2" errors="1" time="2.672000">
  <properties>
   <property name="RunDate" value="2023-07-27 18:57:06.631 +0900"/>
   <property name="Status" value="Failure"/>
  </properties>
  <testcase name="RunWithNewResults.script" assertions="1" status="error"  time="2.656">
    <failure type="FAILURE" message="Image Not Found: click Error - No Image Found On Screen: &quot;Chrome&quot; -- Execution Time 0:00:02 RunWithNewResults.script" />
    <failure type="FAILURE" message="Image Not Found: click Error - No Image Found On Screen: &quot;Chrome&quot; -- Execution Time 0:00:02 RunWithNewResults.script" />
    <error type="Exception" message="No Image Found On Screen: &quot;Chrome&quot;" />
  </testcase>
 </testsuite>
</testsuites>
