<?xml version="1.0" encoding="UTF-8" ?>
<testsuites>
 <testsuite name="Android_Function_Test_script" package="New_Ver_EPF_Android.suite" timestamp="2023-07-27 14:11:13.463 +0900"
 tests="1"  failures="1" errors="10" time="197.812000">
  <properties>
   <property name="RunDate" value="2023-07-27 14:11:13.463 +0900"/>
   <property name="Status" value="Failure"/>
  </properties>
  <testcase name="Android_Function_Test.script" assertions="2" status="error"  time="197.8">
    <failure type="FAILURE" message="Image Not Found: waitfor Error - Unable To Find Any Image On Screen &quot;google_icon&quot; within 10.00 seconds -- Execution Time 0:03:17 Android_Function_Test.script" />
    <error type="Exception" message="Unable To Find Any Image On Screen &quot;google_icon&quot; within 10.00 seconds" />
  </testcase>
 </testsuite>
</testsuites>
