2023-04-28 11:28:24.575 +0900	START		Running Android_Function_Test.script
2023-04-28 11:28:27.676 +0900	Connect		Mobile Device:(null)	2	on_connect_sut	connect_hdl.script
2023-04-28 11:28:32.730 +0900	presshomebutton			5	on_android_function_test	Android_Function_Test.script
2023-04-28 11:28:38.006 +0900	waitfor	Chrome	found at (541, 1850)	2	on_waitfor_image	wait_hdl.script
2023-04-28 11:28:40.579 +0900	swipeleft		Swiped left from (972, 1080) to (108, 1080)	2	on_swipe_left	swipe_hdl.script
2023-04-28 11:28:50.772 +0900	Exception	swipeleft_confirm	Unable To Find Any Image On Screen "swipeleft_confirm" within 10.00 seconds	2	on_waitfor_image	wait_hdl.script
2023-04-28 11:28:53.235 +0900	swiperight		Swiped right from (108, 1080) to (972, 1080)	2	on_swipe_right	swipe_hdl.script
2023-04-28 11:29:03.496 +0900	Exception	homepage_confirm	Unable To Find Any Image On Screen "homepage_confirm" within 10.00 seconds	2	on_waitfor_image	wait_hdl.script
2023-04-28 11:29:05.634 +0900	imagefound	Chrome	found at (541, 1850)	2	on_imagefound_image	imagefound_hdl.script
2023-04-28 11:29:05.650 +0900	Log		True	2	on_imagefound_image	imagefound_hdl.script
2023-04-28 11:29:05.918 +0900	waitfor	Chrome	found at (541, 1850)	2	on_waitfor_image	wait_hdl.script
2023-04-28 11:29:09.255 +0900	click	Chrome	at (541, 1850)	2	on_click_image	click_hdl.script
2023-04-28 11:29:12.518 +0900	waitfor	url_inputbox	found at (228, 777)	2	on_waitfor_image	wait_hdl.script
2023-04-28 11:29:14.937 +0900	click	url_inputbox	at (228, 777)	2	on_click_image	click_hdl.script
2023-04-28 11:29:21.065 +0900	typetext		https://docs.eggplantsoftware.com	2	on_type_text	typetext_hdl.script
2023-04-28 11:29:24.196 +0900	typetext		https://docs.eggplantsoftware.com	39	on_android_function_test	Android_Function_Test.script
2023-04-28 11:29:26.590 +0900	imagefound	(TEXT:"eggplantsoftware")	found at (581, 160)	2	on_imagefound_text	imagefound_hdl.script
2023-04-28 11:29:26.606 +0900	Log		True	2	on_imagefound_text	imagefound_hdl.script
2023-04-28 11:29:27.928 +0900	waitfor	(TEXT:"eggplantsoftware")	found at (581, 160)	2	on_waitfor_text	wait_hdl.script
2023-04-28 11:29:30.132 +0900	typetext		[returnKey]	51	on_android_function_test	Android_Function_Test.script
2023-04-28 11:29:40.328 +0900	Exception	DocumentationPage_confirm	Unable To Find Any Image On Screen "DocumentationPage_confirm" within 5.00 seconds	2	on_waitfor_image	wait_hdl.script
2023-04-28 11:29:52.522 +0900	Exception	DocumentationPage_confirm	Not found: DocumentationPage_confirm	2	on_wait_forall	wait_hdl.script
2023-04-28 11:30:14.006 +0900	Exception	(TEXT:"Eggplant Functional")	No Text Found On Screen: "(TEXT:"Eggplant Functional")". Text not found.	2	on_click_text	click_hdl.script
2023-04-28 11:30:14.086 +0900	EndTestCase		(Duration:"109.506", Errors:"1", Exceptions:"5", StartTime:"2023-04-28 11:28:24 +0900", Successes:"0", TestCase:"Android_Function_Test.script", Warnings:"0")
2023-04-28 11:30:14.331 +0900	Error Screen	C:/Suite/Android_EPF_test.suite/Results/Android_Function_Test/20230428_112824.569/Screen_Error.png	CapturedErrorScreenshot	79E63A17-32B1-E707-5E6D-65276C5A0C1B
2023-04-28 11:30:14.336 +0900	FAILURE	Screen_Error.png	Image Not Found: click Error - No Text Found On Screen: "(TEXT:"Eggplant Functional")". Text not found. -- Execution Time 0:01:49 Android_Function_Test.script
2023-04-28 11:30:16.328 +0900	Error Screen	C:/Suite/Android_EPF_test.suite/Results/Android_Function_Test/20230428_112824.569/Screen_Error_Web.png	CapturedWebErrorScreenshot	00676C78-D93C-3C0C-7A49-758C594E5E54
2023-04-28 11:30:16.333 +0900	FAILURE	Screen_Error_Web.png	Image Not Found: click Error - No Text Found On Screen: "(TEXT:"Eggplant Functional")". Text not found. -- Execution Time 0:01:49 Android_Function_Test.script
