<?xml version="1.0" encoding="UTF-8" ?>
<testsuites>
 <testsuite name="Android_Function_Test_script" package="New_Ver_EPF_Android.suite" timestamp="2023-07-26 14:38:03.548 +0900"
 tests="1"  failures="2" errors="1" time="382.117000">
  <properties>
   <property name="RunDate" value="2023-07-26 14:38:03.548 +0900"/>
   <property name="Status" value="Failure"/>
  </properties>
  <testcase name="Android_Function_Test.script" assertions="3" status="error"  time="382.098">
    <failure type="LogError" message="LogErrorテスト" />
    <failure type="FAILURE" message="Script Error: Number of Errors logged: 1 -- Execution Time 0:06:22 Android_Function_Test.script" />
    <error type="Exception" message="Unable To Find Any Image On Screen &quot;(TEXT:&quot;あいうえお&quot;)&quot; within 5.00 seconds. Text not found." />
  </testcase>
 </testsuite>
</testsuites>
