<?xml version="1.0" encoding="UTF-8" ?>
<testsuites>
 <testsuite name="Android_Function_Test_script" package="New_Ver_EPF_Android.suite" timestamp="2023-06-29 10:05:52.610 +0900"
 tests="1"  failures="2" errors="4" time="376.749000">
  <properties>
   <property name="RunDate" value="2023-06-29 10:05:52.610 +0900"/>
   <property name="Status" value="Failure"/>
  </properties>
  <testcase name="Android_Function_Test.script" assertions="3" status="error"  time="376.744">
    <failure type="LogError" message="LogErrorテスト" />
    <failure type="FAILURE" message="Script Error: Number of Errors logged: 1 -- Execution Time 0:06:16 Android_Function_Test.script" />
    <error type="Exception" message="Unable To Find Any Image On Screen &quot;rotate_confirm/rotate_right&quot; within 10.00 seconds" />
  </testcase>
 </testsuite>
</testsuites>
