<?xml version="1.0" encoding="UTF-8" ?>
<testsuites>
 <testsuite name="Android_Function_Test_script" package="Android_EPF_test.suite" timestamp="2023-04-27 15:49:52.203 +0900"
 tests="1"  failures="2" errors="4" time="72.928000">
  <properties>
   <property name="RunDate" value="2023-04-27 15:49:52.203 +0900"/>
   <property name="Status" value="Failure"/>
  </properties>
  <testcase name="Android_Function_Test.script" assertions="1" status="error"  time="72.921">
    <failure type="FAILURE" message="Image Not Found: click Error - No Image Found On Screen: &quot;url_inputbox&quot; -- Execution Time 0:01:12 Android_Function_Test.script" />
    <failure type="FAILURE" message="Image Not Found: click Error - No Image Found On Screen: &quot;url_inputbox&quot; -- Execution Time 0:01:12 Android_Function_Test.script" />
    <error type="Exception" message="No Image Found On Screen: &quot;url_inputbox&quot;" />
  </testcase>
 </testsuite>
</testsuites>
