<?xml version="1.0" encoding="UTF-8" ?>
<testsuites>
 <testsuite name="Android_Function_Test_script" package="New_Ver_EPF_Android_MobileDevice.suite" timestamp="2023-07-26 18:42:51.631 +0900"
 tests="1"  failures="2" errors="4" time="124.428000">
  <properties>
   <property name="RunDate" value="2023-07-26 18:42:51.631 +0900"/>
   <property name="Status" value="Failure"/>
  </properties>
  <testcase name="Android_Function_Test.script" assertions="2" status="error"  time="124.417">
    <failure type="FAILURE" message="Image Not Found: waitfor Error - Unable To Find Any Image On Screen &quot;google_icon&quot; within 10.00 seconds -- Execution Time 0:02:04 Android_Function_Test.script" />
    <failure type="FAILURE" message="Image Not Found: waitfor Error - Unable To Find Any Image On Screen &quot;google_icon&quot; within 10.00 seconds -- Execution Time 0:02:04 Android_Function_Test.script" />
    <error type="Exception" message="Unable To Find Any Image On Screen &quot;google_icon&quot; within 10.00 seconds" />
  </testcase>
 </testsuite>
</testsuites>
