<?xml version="1.0" encoding="UTF-8" ?>
<testsuites>
 <testsuite name="Android_Function_Test_script" package="Android_EPF_test.suite" timestamp="2023-04-28 11:32:28.866 +0900"
 tests="1"  failures="2" errors="5" time="107.389000">
  <properties>
   <property name="RunDate" value="2023-04-28 11:32:28.866 +0900"/>
   <property name="Status" value="Failure"/>
  </properties>
  <testcase name="Android_Function_Test.script" assertions="1" status="error"  time="107.379">
    <failure type="FAILURE" message="Image Not Found: click Error - No Text Found On Screen: &quot;(TEXT:&quot;Eggplant Functional&quot;)&quot;. Text not found. -- Execution Time 0:01:47 Android_Function_Test.script" />
    <failure type="FAILURE" message="Image Not Found: click Error - No Text Found On Screen: &quot;(TEXT:&quot;Eggplant Functional&quot;)&quot;. Text not found. -- Execution Time 0:01:47 Android_Function_Test.script" />
    <error type="Exception" message="No Text Found On Screen: &quot;(TEXT:&quot;Eggplant Functional&quot;)&quot;. Text not found." />
  </testcase>
 </testsuite>
</testsuites>
