2023-04-27 15:49:52.208 +0900	START		Running Android_Function_Test.script
2023-04-27 15:50:11.349 +0900	Connect		Mobile Device:(null)	2	on_connect_sut	connect_hdl.script
2023-04-27 15:50:16.469 +0900	presshomebutton			5	on_android_function_test	Android_Function_Test.script
2023-04-27 15:50:22.165 +0900	waitfor	Chrome	found at (541, 1850)	2	on_waitfor_image	wait_hdl.script
2023-04-27 15:50:24.669 +0900	swipeleft		Swiped left from (972, 1080) to (108, 1080)	2	on_swipe_left	swipe_hdl.script
2023-04-27 15:50:35.556 +0900	Exception	swipeleft_confirm	Unable To Find Any Image On Screen "swipeleft_confirm" within 10.00 seconds	2	on_waitfor_image	wait_hdl.script
2023-04-27 15:50:38.020 +0900	swiperight		Swiped right from (108, 1080) to (972, 1080)	2	on_swipe_right	swipe_hdl.script
2023-04-27 15:50:48.275 +0900	Exception	homepage_confirm	Unable To Find Any Image On Screen "homepage_confirm" within 10.00 seconds	2	on_waitfor_image	wait_hdl.script
2023-04-27 15:50:50.504 +0900	imagefound	Chrome	found at (541, 1850)	2	on_imagefound_image	imagefound_hdl.script
2023-04-27 15:50:50.504 +0900	Log		True	2	on_imagefound_image	imagefound_hdl.script
2023-04-27 15:50:51.515 +0900	waitfor	Chrome	found at (541, 1850)	2	on_waitfor_image	wait_hdl.script
2023-04-27 15:50:54.886 +0900	click	Chrome	at (541, 1850)	2	on_click_image	click_hdl.script
2023-04-27 15:51:00.038 +0900	Exception	url_inputbox	Unable To Find Any Image On Screen "url_inputbox" within 5.00 seconds	2	on_waitfor_image	wait_hdl.script
2023-04-27 15:51:05.090 +0900	Exception	url_inputbox	No Image Found On Screen: "url_inputbox"	2	on_click_image	click_hdl.script
2023-04-27 15:51:05.131 +0900	EndTestCase		(Duration:"72.921", Errors:"1", Exceptions:"4", StartTime:"2023-04-27 15:49:52 +0900", Successes:"0", TestCase:"Android_Function_Test.script", Warnings:"0")
2023-04-27 15:51:05.389 +0900	Error Screen	C:/Suite/Android_EPF_test.suite/Results/Android_Function_Test/20230427_154952.203/Screen_Error.png	CapturedErrorScreenshot	FD8BD553-4F07-4505-7144-751F5405A21B
2023-04-27 15:51:05.393 +0900	FAILURE	Screen_Error.png	Image Not Found: click Error - No Image Found On Screen: "url_inputbox" -- Execution Time 0:01:12 Android_Function_Test.script
2023-04-27 15:51:07.193 +0900	Error Screen	C:/Suite/Android_EPF_test.suite/Results/Android_Function_Test/20230427_154952.203/Screen_Error_Web.png	CapturedWebErrorScreenshot	B030FD7F-7B61-AD0D-40DF-6E7E49465554
2023-04-27 15:51:07.199 +0900	FAILURE	Screen_Error_Web.png	Image Not Found: click Error - No Image Found On Screen: "url_inputbox" -- Execution Time 0:01:12 Android_Function_Test.script
