<?xml version="1.0" encoding="UTF-8" ?>
<testsuites>
 <testsuite name="01_IOS_Function_Test_script" package="New_Ver_EPF_IOS.suite" timestamp="2023-07-31 10:35:56.604 +0900"
 tests="1"  failures="2" errors="4" time="263.689000">
  <properties>
   <property name="RunDate" value="2023-07-31 10:35:56.604 +0900"/>
   <property name="Status" value="Failure"/>
  </properties>
  <testcase name="01_IOS_Function_Test.script" assertions="3" status="error"  time="263.675">
    <failure type="LogError" message="LogErrorテスト" />
    <failure type="FAILURE" message="Script Error: Number of Errors logged: 1 -- Execution Time 0:04:23 01_IOS_Function_Test.script" />
    <error type="Exception" message="Unable To Find Any Image On Screen &quot;tag_icon_ios&quot; within 5.00 seconds" />
  </testcase>
 </testsuite>
</testsuites>
