<?xml version="1.0" encoding="UTF-8" ?>
<testsuites>
 <testsuite name="PC_Function_Test_script" package="EPF_test.suite" timestamp="2023-04-19 12:39:34.328 +0900"
 tests="1"  failures="2" errors="1" time="91.354000">
  <properties>
   <property name="RunDate" value="2023-04-19 12:39:34.328 +0900"/>
   <property name="Status" value="Failure"/>
  </properties>
  <testcase name="PC_Function_Test.script" assertions="2" status="error"  time="91.349">
    <failure type="LogError" message="LogErrorテスト" />
    <failure type="FAILURE" message="Script Error: Number of Errors logged: 1 -- Execution Time 0:01:31 PC_Function_Test.script" />
    <error type="Exception" message="Unable To Find Any Image On Screen &quot;Chrome&quot; within 5.00 seconds" />
  </testcase>
 </testsuite>
</testsuites>
