<?xml version="1.0" encoding="UTF-8" ?>
<testsuites>
 <testsuite name="Android_Function_Test_script" package="Android_EPF_test.suite" timestamp="2023-04-27 16:57:12.419 +0900"
 tests="1"  failures="2" errors="5" time="130.473000">
  <properties>
   <property name="RunDate" value="2023-04-27 16:57:12.419 +0900"/>
   <property name="Status" value="Failure"/>
  </properties>
  <testcase name="Android_Function_Test.script" assertions="1" status="error"  time="130.466">
    <failure type="FAILURE" message="Image Not Found: click Error - No Text Found On Screen: &quot;(TEXT:&quot;Eggplant Functional&quot;)&quot;. Text not found. -- Execution Time 0:02:10 Android_Function_Test.script" />
    <failure type="FAILURE" message="Image Not Found: click Error - No Text Found On Screen: &quot;(TEXT:&quot;Eggplant Functional&quot;)&quot;. Text not found. -- Execution Time 0:02:10 Android_Function_Test.script" />
    <error type="Exception" message="No Text Found On Screen: &quot;(TEXT:&quot;Eggplant Functional&quot;)&quot;. Text not found." />
  </testcase>
 </testsuite>
</testsuites>
