2023-04-27 16:57:12.423 +0900	START		Running Android_Function_Test.script
2023-04-27 16:57:31.815 +0900	Connect		Mobile Device:(null)	2	on_connect_sut	connect_hdl.script
2023-04-27 16:57:36.948 +0900	presshomebutton			5	on_android_function_test	Android_Function_Test.script
2023-04-27 16:57:42.247 +0900	waitfor	Chrome	found at (541, 1850)	2	on_waitfor_image	wait_hdl.script
2023-04-27 16:57:44.765 +0900	swipeleft		Swiped left from (972, 1080) to (108, 1080)	2	on_swipe_left	swipe_hdl.script
2023-04-27 16:57:55.655 +0900	Exception	swipeleft_confirm	Unable To Find Any Image On Screen "swipeleft_confirm" within 10.00 seconds	2	on_waitfor_image	wait_hdl.script
2023-04-27 16:57:58.069 +0900	swiperight		Swiped right from (108, 1080) to (972, 1080)	2	on_swipe_right	swipe_hdl.script
2023-04-27 16:58:08.213 +0900	Exception	homepage_confirm	Unable To Find Any Image On Screen "homepage_confirm" within 10.00 seconds	2	on_waitfor_image	wait_hdl.script
2023-04-27 16:58:10.354 +0900	imagefound	Chrome	found at (541, 1850)	2	on_imagefound_image	imagefound_hdl.script
2023-04-27 16:58:10.359 +0900	Log		True	2	on_imagefound_image	imagefound_hdl.script
2023-04-27 16:58:10.561 +0900	waitfor	Chrome	found at (541, 1850)	2	on_waitfor_image	wait_hdl.script
2023-04-27 16:58:13.877 +0900	click	Chrome	at (541, 1850)	2	on_click_image	click_hdl.script
2023-04-27 16:58:18.179 +0900	waitfor	url_inputbox	found at (228, 777)	2	on_waitfor_image	wait_hdl.script
2023-04-27 16:58:20.500 +0900	click	url_inputbox	at (228, 777)	2	on_click_image	click_hdl.script
2023-04-27 16:58:26.575 +0900	typetext		https://docs.eggplantsoftware.com	2	on_type_text	typetext_hdl.script
2023-04-27 16:58:29.643 +0900	typetext		https://docs.eggplantsoftware.com	39	on_android_function_test	Android_Function_Test.script
2023-04-27 16:58:32.133 +0900	imagefound	(TEXT:"eggplantsoftware")	found at (581, 160)	2	on_imagefound_text	imagefound_hdl.script
2023-04-27 16:58:32.136 +0900	Log		True	2	on_imagefound_text	imagefound_hdl.script
2023-04-27 16:58:33.555 +0900	waitfor	(TEXT:"eggplantsoftware")	found at (581, 160)	2	on_waitfor_text	wait_hdl.script
2023-04-27 16:58:35.714 +0900	typetext		[returnKey]	51	on_android_function_test	Android_Function_Test.script
2023-04-27 16:58:45.886 +0900	Exception	DocumentationPage_confirm	Unable To Find Any Image On Screen "DocumentationPage_confirm" within 5.00 seconds	2	on_waitfor_image	wait_hdl.script
2023-04-27 16:58:58.153 +0900	Exception	DocumentationPage_confirm	Not found: DocumentationPage_confirm	2	on_wait_forall	wait_hdl.script
2023-04-27 16:59:22.815 +0900	Exception	(TEXT:"Eggplant Functional")	No Text Found On Screen: "(TEXT:"Eggplant Functional")". Text not found.	2	on_click_text	click_hdl.script
2023-04-27 16:59:22.893 +0900	EndTestCase		(Duration:"130.466", Errors:"1", Exceptions:"5", StartTime:"2023-04-27 16:57:12 +0900", Successes:"0", TestCase:"Android_Function_Test.script", Warnings:"0")
2023-04-27 16:59:23.118 +0900	Error Screen	C:/Suite/Android_EPF_test.suite/Results/Android_Function_Test/20230427_165712.419/Screen_Error.png	CapturedErrorScreenshot	1A98C792-FE4A-2D0D-66B3-686552CDE1F6
2023-04-27 16:59:23.121 +0900	FAILURE	Screen_Error.png	Image Not Found: click Error - No Text Found On Screen: "(TEXT:"Eggplant Functional")". Text not found. -- Execution Time 0:02:10 Android_Function_Test.script
2023-04-27 16:59:25.092 +0900	Error Screen	C:/Suite/Android_EPF_test.suite/Results/Android_Function_Test/20230427_165712.419/Screen_Error_Web.png	CapturedWebErrorScreenshot	C183728F-E0DD-2F0F-6142-AAABCB15F236
2023-04-27 16:59:25.095 +0900	FAILURE	Screen_Error_Web.png	Image Not Found: click Error - No Text Found On Screen: "(TEXT:"Eggplant Functional")". Text not found. -- Execution Time 0:02:10 Android_Function_Test.script
