<?xml version="1.0" encoding="UTF-8" ?>
<testsuites>
 <testsuite name="RunWithNewResults_script" package="Mobile_Device_EPF.suite" timestamp="2023-06-22 14:42:15.511 +0900"
 tests="1"  failures="1" errors="1" time="11.727000">
  <properties>
   <property name="RunDate" value="2023-06-22 14:42:15.511 +0900"/>
   <property name="Status" value="Failure"/>
  </properties>
  <testcase name="RunWithNewResults.script" assertions="1" status="error"  time="11.723">
    <failure type="FAILURE" message="Image Not Found: click Error - No Image Found On Screen: &quot;Chrome&quot; -- Execution Time 0:00:11 RunWithNewResults.script" />
    <error type="Exception" message="No Image Found On Screen: &quot;Chrome&quot;" />
  </testcase>
 </testsuite>
</testsuites>
