<?xml version="1.0" encoding="UTF-8" ?>
<testsuites>
 <testsuite name="Android_Function_Test_script" package="New_Ver_EPF_Android.suite" timestamp="2023-07-27 14:19:17.099 +0900"
 tests="1"  failures="2" errors="2" time="370.223000">
  <properties>
   <property name="RunDate" value="2023-07-27 14:19:17.099 +0900"/>
   <property name="Status" value="Failure"/>
  </properties>
  <testcase name="Android_Function_Test.script" assertions="3" status="error"  time="370.221">
    <failure type="LogError" message="LogErrorテスト" />
    <failure type="FAILURE" message="Script Error: Number of Errors logged: 1 -- Execution Time 0:06:10 Android_Function_Test.script" />
    <error type="Exception" message="Too Few Parameters, please use waitfor time, image1[, imageX]" />
  </testcase>
 </testsuite>
</testsuites>
