<?xml version="1.0" encoding="UTF-8" ?>
<testsuites>
 <testsuite name="01_PC_Function_Test_script" package="New_Ver_EPF_PC.suite" timestamp="2023-07-10 14:02:40.392 +0900"
 tests="1"  failures="2" errors="2" time="319.350000">
  <properties>
   <property name="RunDate" value="2023-07-10 14:02:40.392 +0900"/>
   <property name="Status" value="Failure"/>
  </properties>
  <testcase name="01_PC_Function_Test.script" assertions="3" status="error"  time="319.343">
    <failure type="LogError" message="LogErrorテスト" />
    <failure type="FAILURE" message="Script Error: Number of Errors logged: 1 -- Execution Time 0:05:19 01_PC_Function_Test.script" />
    <error type="Exception" message="Unable To Find Any Image On Screen &quot;close_page_btn&quot; within 10.00 seconds" />
  </testcase>
 </testsuite>
</testsuites>
