<?xml version="1.0" encoding="UTF-8" ?>
<testsuites>
 <testsuite name="Android_Function_Test_script" package="New_Ver_EPF_Android_MobileDevice.suite" timestamp="2023-07-27 19:16:31.097 +0900"
 tests="1"  failures="2" errors="2" time="293.762000">
  <properties>
   <property name="RunDate" value="2023-07-27 19:16:31.097 +0900"/>
   <property name="Status" value="Failure"/>
  </properties>
  <testcase name="Android_Function_Test.script" assertions="5" status="error"  time="293.748">
    <failure type="LogError" message="LogErrorテスト" />
    <failure type="FAILURE" message="Script Error: Number of Errors logged: 1 -- Execution Time 0:04:53 Android_Function_Test.script" />
    <error type="Exception" message="Unable To Find Any Image On Screen &quot;rect_left&quot; within 10.00 seconds" />
  </testcase>
 </testsuite>
</testsuites>
