<?xml version="1.0" encoding="UTF-8" ?>
<testsuites>
 <testsuite name="Android_Function_Test_script" package="New_Ver_EPF_Android_MobileDevice.suite" timestamp="2023-07-27 19:09:43.403 +0900"
 tests="1"  failures="2" errors="4" time="278.923000">
  <properties>
   <property name="RunDate" value="2023-07-27 19:09:43.403 +0900"/>
   <property name="Status" value="Failure"/>
  </properties>
  <testcase name="Android_Function_Test.script" assertions="5" status="error"  time="278.92">
    <failure type="LogError" message="LogErrorテスト" />
    <failure type="FAILURE" message="Script Error: Number of Errors logged: 1 -- Execution Time 0:04:38 Android_Function_Test.script" />
    <error type="Exception" message="Unable To Find Any Image On Screen &quot;Chrome&quot; within 5.00 seconds" />
  </testcase>
 </testsuite>
</testsuites>
